<?xml version="1.0" encoding="UTF-8"?>
<testsuite name="Comprar boleto de Pelicula en Cinemark" tests="1" skipped="0" failures="0" errors="0" timestamp="2018-11-22T04:32:41" hostname="RC-PC" time="35.729">
  <properties/>
  <testcase name="Compra exitosa" classname="Comprar boleto de Pelicula en Cinemark" time="35.729"/>
  <system-out><![CDATA[]]></system-out>
  <system-err><![CDATA[nov 21, 2018 11:32:41 PM org.openqa.selenium.remote.DesiredCapabilities chrome
INFORMACIÓN: Using `new ChromeOptions()` is preferred to `DesiredCapabilities.chrome()`
Starting ChromeDriver 2.43.600210 (68dcf5eebde37173d4027fa8635e332711d2874a) on port 21160
Only local connections are allowed.
nov 21, 2018 11:32:44 PM org.openqa.selenium.remote.ProtocolHandshake createSession
INFORMACIÓN: Detected dialect: OSS
[Test worker] INFO net.thucydides.core.steps.ConsoleLoggingListener - 
        __    _____ _____ ____ _____   ____   _    ____  ____  _____ ____  
  _     \ \  |_   _| ____/ ___|_   _| |  _ \ / \  / ___|/ ___|| ____|  _ \ 
 (_)_____| |   | | |  _| \___ \ | |   | |_) / _ \ \___ \\___ \|  _| | | | |
  _|_____| |   | | | |___ ___) || |   |  __/ ___ \ ___) |___) | |___| |_| |
 (_)     | |   |_| |_____|____/ |_|   |_| /_/   \_\____/|____/|_____|____/ 
        /_/                                                                

TEST PASSED: Compra exitosa
----------------------------------------------------------------------------
]]></system-err>
</testsuite>
